<?xml version="1.0" encoding="UTF-8"?>
<coverage generated="1505348594669" clover="3.2.0">
  <project timestamp="1505348594669" name="All files">
    <metrics statements="71" coveredstatements="31" conditionals="28" coveredconditionals="17" methods="33" coveredmethods="8" elements="132" coveredelements="56" complexity="0" loc="71" ncloc="71" packages="1" files="9" classes="9">
      <file name="App.js" path="/Users/felipearomani/Documents/estudos/udacity/reactnd-project-myreads-starter/src/App.js">
        <metrics statements="24" coveredstatements="1" conditionals="8" coveredconditionals="0" methods="11" coveredmethods="1"/>
        <line num="16" count="0" type="stmt"/>
        <line num="18" count="0" type="stmt"/>
        <line num="22" count="0" type="stmt"/>
        <line num="24" count="0" type="stmt"/>
        <line num="26" count="0" type="stmt"/>
        <line num="27" count="0" type="cond" truecount="0" falsecount="2"/>
        <line num="28" count="0" type="stmt"/>
        <line num="34" count="0" type="stmt"/>
        <line num="35" count="0" type="cond" truecount="0" falsecount="2"/>
        <line num="36" count="0" type="stmt"/>
        <line num="37" count="0" type="stmt"/>
        <line num="40" count="0" type="stmt"/>
        <line num="43" count="0" type="cond" truecount="0" falsecount="2"/>
        <line num="44" count="0" type="stmt"/>
        <line num="45" count="0" type="stmt"/>
        <line num="48" count="0" type="stmt"/>
        <line num="49" count="0" type="stmt"/>
        <line num="50" count="0" type="cond" truecount="0" falsecount="2"/>
        <line num="51" count="0" type="stmt"/>
        <line num="54" count="0" type="stmt"/>
        <line num="57" count="0" type="stmt"/>
        <line num="63" count="1" type="stmt"/>
        <line num="69" count="0" type="stmt"/>
        <line num="75" count="0" type="stmt"/>
      </file>
      <file name="Book.js" path="/Users/felipearomani/Documents/estudos/udacity/reactnd-project-myreads-starter/src/Book.js">
        <metrics statements="4" coveredstatements="4" conditionals="10" coveredconditionals="10" methods="2" coveredmethods="2"/>
        <line num="7" count="1" type="stmt"/>
        <line num="8" count="1" type="stmt"/>
        <line num="12" count="15" type="stmt"/>
        <line num="39" count="3" type="stmt"/>
      </file>
      <file name="BookListBox.js" path="/Users/felipearomani/Documents/estudos/udacity/reactnd-project-myreads-starter/src/BookListBox.js">
        <metrics statements="2" coveredstatements="1" conditionals="0" coveredconditionals="0" methods="1" coveredmethods="0"/>
        <line num="8" count="0" type="stmt"/>
        <line num="28" count="1" type="stmt"/>
      </file>
      <file name="BooksAPI.js" path="/Users/felipearomani/Documents/estudos/udacity/reactnd-project-myreads-starter/src/BooksAPI.js">
        <metrics statements="20" coveredstatements="9" conditionals="2" coveredconditionals="1" methods="11" coveredmethods="0"/>
        <line num="2" count="1" type="stmt"/>
        <line num="6" count="1" type="stmt"/>
        <line num="7" count="1" type="cond" truecount="1" falsecount="1"/>
        <line num="8" count="1" type="stmt"/>
        <line num="10" count="1" type="stmt"/>
        <line num="15" count="1" type="stmt"/>
        <line num="16" count="0" type="stmt"/>
        <line num="17" count="0" type="stmt"/>
        <line num="18" count="0" type="stmt"/>
        <line num="20" count="1" type="stmt"/>
        <line num="21" count="0" type="stmt"/>
        <line num="22" count="0" type="stmt"/>
        <line num="23" count="0" type="stmt"/>
        <line num="25" count="1" type="stmt"/>
        <line num="26" count="0" type="stmt"/>
        <line num="33" count="0" type="stmt"/>
        <line num="35" count="1" type="stmt"/>
        <line num="36" count="0" type="stmt"/>
        <line num="43" count="0" type="stmt"/>
        <line num="44" count="0" type="stmt"/>
      </file>
      <file name="If.js" path="/Users/felipearomani/Documents/estudos/udacity/reactnd-project-myreads-starter/src/If.js">
        <metrics statements="1" coveredstatements="1" conditionals="2" coveredconditionals="2" methods="1" coveredmethods="1"/>
        <line num="1" count="7" type="cond" truecount="2" falsecount="0"/>
      </file>
      <file name="SearchBox.js" path="/Users/felipearomani/Documents/estudos/udacity/reactnd-project-myreads-starter/src/SearchBox.js">
        <metrics statements="5" coveredstatements="1" conditionals="0" coveredconditionals="0" methods="3" coveredmethods="0"/>
        <line num="10" count="0" type="stmt"/>
        <line num="11" count="0" type="stmt"/>
        <line num="15" count="0" type="stmt"/>
        <line num="33" count="0" type="stmt"/>
        <line num="44" count="1" type="stmt"/>
      </file>
      <file name="Shelf.js" path="/Users/felipearomani/Documents/estudos/udacity/reactnd-project-myreads-starter/src/Shelf.js">
        <metrics statements="12" coveredstatements="12" conditionals="6" coveredconditionals="4" methods="4" coveredmethods="4"/>
        <line num="9" count="5" type="stmt"/>
        <line num="10" count="3" type="cond" truecount="1" falsecount="1"/>
        <line num="11" count="3" type="stmt"/>
        <line num="14" count="2" type="stmt"/>
        <line num="18" count="5" type="stmt"/>
        <line num="19" count="5" type="stmt"/>
        <line num="20" count="6" type="cond" truecount="1" falsecount="1"/>
        <line num="21" count="6" type="stmt"/>
        <line num="24" count="5" type="stmt"/>
        <line num="28" count="5" type="stmt"/>
        <line num="37" count="6" type="stmt"/>
        <line num="52" count="2" type="stmt"/>
      </file>
      <file name="index.js" path="/Users/felipearomani/Documents/estudos/udacity/reactnd-project-myreads-starter/src/index.js">
        <metrics statements="1" coveredstatements="0" conditionals="0" coveredconditionals="0" methods="0" coveredmethods="0"/>
        <line num="1" count="0" type="stmt"/>
      </file>
      <file name="setupTests.js" path="/Users/felipearomani/Documents/estudos/udacity/reactnd-project-myreads-starter/src/setupTests.js">
        <metrics statements="2" coveredstatements="2" conditionals="0" coveredconditionals="0" methods="0" coveredmethods="0"/>
        <line num="1" count="4" type="stmt"/>
        <line num="6" count="4" type="stmt"/>
      </file>
    </metrics>
  </project>
</coverage>
