{"/Users/felipearomani/Documents/estudos/udacity/reactnd-project-myreads-starter/src/App.js": {"path":"/Users/felipearomani/Documents/estudos/udacity/reactnd-project-myreads-starter/src/App.js","statementMap":{"0":{"start":{"line":16,"column":4},"end":{"line":18,"column":49}},"1":{"start":{"line":18,"column":23},"end":{"line":18,"column":47}},"2":{"start":{"line":22,"column":4},"end":{"line":30,"column":9}},"3":{"start":{"line":24,"column":22},"end":{"line":24,"column":39}},"4":{"start":{"line":26,"column":8},"end":{"line":26,"column":33}},"5":{"start":{"line":27,"column":8},"end":{"line":29,"column":9}},"6":{"start":{"line":28,"column":10},"end":{"line":28,"column":50}},"7":{"start":{"line":34,"column":4},"end":{"line":34,"column":40}},"8":{"start":{"line":35,"column":4},"end":{"line":38,"column":5}},"9":{"start":{"line":36,"column":6},"end":{"line":36,"column":38}},"10":{"start":{"line":37,"column":6},"end":{"line":37,"column":13}},"11":{"start":{"line":40,"column":4},"end":{"line":58,"column":8}},"12":{"start":{"line":43,"column":8},"end":{"line":46,"column":9}},"13":{"start":{"line":44,"column":10},"end":{"line":44,"column":41}},"14":{"start":{"line":45,"column":10},"end":{"line":45,"column":20}},"15":{"start":{"line":48,"column":28},"end":{"line":55,"column":10}},"16":{"start":{"line":49,"column":10},"end":{"line":53,"column":11}},"17":{"start":{"line":50,"column":12},"end":{"line":52,"column":13}},"18":{"start":{"line":51,"column":14},"end":{"line":51,"column":26}},"19":{"start":{"line":54,"column":10},"end":{"line":54,"column":27}},"20":{"start":{"line":57,"column":8},"end":{"line":57,"column":50}},"21":{"start":{"line":63,"column":4},"end":{"line":82,"column":5}},"22":{"start":{"line":69,"column":10},"end":{"line":69,"column":90}},"23":{"start":{"line":75,"column":10},"end":{"line":79,"column":45}}},"fnMap":{"0":{"name":"(anonymous_0)","decl":{"start":{"line":15,"column":2},"end":{"line":15,"column":3}},"loc":{"start":{"line":15,"column":22},"end":{"line":19,"column":3}},"line":15},"1":{"name":"(anonymous_1)","decl":{"start":{"line":18,"column":12},"end":{"line":18,"column":13}},"loc":{"start":{"line":18,"column":23},"end":{"line":18,"column":47}},"line":18},"2":{"name":"(anonymous_2)","decl":{"start":{"line":21,"column":16},"end":{"line":21,"column":17}},"loc":{"start":{"line":21,"column":37},"end":{"line":31,"column":3}},"line":21},"3":{"name":"(anonymous_3)","decl":{"start":{"line":24,"column":12},"end":{"line":24,"column":13}},"loc":{"start":{"line":24,"column":22},"end":{"line":24,"column":39}},"line":24},"4":{"name":"(anonymous_4)","decl":{"start":{"line":25,"column":12},"end":{"line":25,"column":13}},"loc":{"start":{"line":25,"column":23},"end":{"line":30,"column":7}},"line":25},"5":{"name":"(anonymous_5)","decl":{"start":{"line":33,"column":15},"end":{"line":33,"column":16}},"loc":{"start":{"line":33,"column":26},"end":{"line":60,"column":3}},"line":33},"6":{"name":"(anonymous_6)","decl":{"start":{"line":42,"column":12},"end":{"line":42,"column":13}},"loc":{"start":{"line":42,"column":26},"end":{"line":58,"column":7}},"line":42},"7":{"name":"(anonymous_7)","decl":{"start":{"line":48,"column":43},"end":{"line":48,"column":44}},"loc":{"start":{"line":48,"column":58},"end":{"line":55,"column":9}},"line":48},"8":{"name":"(anonymous_8)","decl":{"start":{"line":62,"column":2},"end":{"line":62,"column":3}},"loc":{"start":{"line":62,"column":11},"end":{"line":83,"column":3}},"line":62},"9":{"name":"(anonymous_9)","decl":{"start":{"line":68,"column":18},"end":{"line":68,"column":19}},"loc":{"start":{"line":68,"column":24},"end":{"line":70,"column":9}},"line":68},"10":{"name":"(anonymous_10)","decl":{"start":{"line":74,"column":18},"end":{"line":74,"column":19}},"loc":{"start":{"line":74,"column":24},"end":{"line":80,"column":9}},"line":74}},"branchMap":{"0":{"loc":{"start":{"line":27,"column":8},"end":{"line":29,"column":9}},"type":"if","locations":[{"start":{"line":27,"column":8},"end":{"line":29,"column":9}},{"start":{"line":27,"column":8},"end":{"line":29,"column":9}}],"line":27},"1":{"loc":{"start":{"line":35,"column":4},"end":{"line":38,"column":5}},"type":"if","locations":[{"start":{"line":35,"column":4},"end":{"line":38,"column":5}},{"start":{"line":35,"column":4},"end":{"line":38,"column":5}}],"line":35},"2":{"loc":{"start":{"line":43,"column":8},"end":{"line":46,"column":9}},"type":"if","locations":[{"start":{"line":43,"column":8},"end":{"line":46,"column":9}},{"start":{"line":43,"column":8},"end":{"line":46,"column":9}}],"line":43},"3":{"loc":{"start":{"line":50,"column":12},"end":{"line":52,"column":13}},"type":"if","locations":[{"start":{"line":50,"column":12},"end":{"line":52,"column":13}},{"start":{"line":50,"column":12},"end":{"line":52,"column":13}}],"line":50}},"s":{"0":0,"1":0,"2":0,"3":0,"4":0,"5":0,"6":0,"7":0,"8":0,"9":0,"10":0,"11":0,"12":0,"13":0,"14":0,"15":0,"16":0,"17":0,"18":0,"19":0,"20":0,"21":1,"22":0,"23":0},"f":{"0":0,"1":0,"2":0,"3":0,"4":0,"5":0,"6":0,"7":0,"8":1,"9":0,"10":0},"b":{"0":[0,0],"1":[0,0],"2":[0,0],"3":[0,0]},"_coverageSchema":"332fd63041d2c1bcb487cc26dd0d5f7d97098a6c","hash":"9c8628e0587c392f1e8d96093fda3cd9748ab571"}
,"/Users/felipearomani/Documents/estudos/udacity/reactnd-project-myreads-starter/src/Book.js": {"path":"/Users/felipearomani/Documents/estudos/udacity/reactnd-project-myreads-starter/src/Book.js","statementMap":{"0":{"start":{"line":7,"column":24},"end":{"line":7,"column":38}},"1":{"start":{"line":8,"column":8},"end":{"line":8,"column":57}},"2":{"start":{"line":12,"column":8},"end":{"line":35,"column":10}},"3":{"start":{"line":39,"column":0},"end":{"line":42,"column":1}}},"fnMap":{"0":{"name":"(anonymous_0)","decl":{"start":{"line":6,"column":19},"end":{"line":6,"column":20}},"loc":{"start":{"line":6,"column":24},"end":{"line":9,"column":5}},"line":6},"1":{"name":"(anonymous_1)","decl":{"start":{"line":11,"column":4},"end":{"line":11,"column":5}},"loc":{"start":{"line":11,"column":13},"end":{"line":36,"column":5}},"line":11}},"branchMap":{"0":{"loc":{"start":{"line":20,"column":49},"end":{"line":20,"column":124}},"type":"cond-expr","locations":[{"start":{"line":20,"column":78},"end":{"line":20,"column":119}},{"start":{"line":20,"column":122},"end":{"line":20,"column":124}}],"line":20},"1":{"loc":{"start":{"line":22,"column":63},"end":{"line":22,"column":158}},"type":"cond-expr","locations":[{"start":{"line":22,"column":125},"end":{"line":22,"column":153}},{"start":{"line":22,"column":156},"end":{"line":22,"column":158}}],"line":22},"2":{"loc":{"start":{"line":22,"column":64},"end":{"line":22,"column":121}},"type":"binary-expr","locations":[{"start":{"line":22,"column":64},"end":{"line":22,"column":85}},{"start":{"line":22,"column":89},"end":{"line":22,"column":121}}],"line":22},"3":{"loc":{"start":{"line":23,"column":39},"end":{"line":23,"column":93}},"type":"cond-expr","locations":[{"start":{"line":23,"column":63},"end":{"line":23,"column":84}},{"start":{"line":23,"column":87},"end":{"line":23,"column":93}}],"line":23},"4":{"loc":{"start":{"line":33,"column":47},"end":{"line":33,"column":112}},"type":"cond-expr","locations":[{"start":{"line":33,"column":73},"end":{"line":33,"column":107}},{"start":{"line":33,"column":110},"end":{"line":33,"column":112}}],"line":33}},"s":{"0":1,"1":1,"2":7,"3":2},"f":{"0":1,"1":7},"b":{"0":[0,7],"1":[1,6],"2":[7,1],"3":[1,6],"4":[3,4]},"_coverageSchema":"332fd63041d2c1bcb487cc26dd0d5f7d97098a6c","hash":"a327a76bc7716f2529b8b6fe102440c75760cbb3"}
,"/Users/felipearomani/Documents/estudos/udacity/reactnd-project-myreads-starter/src/BookListBox.js": {"path":"/Users/felipearomani/Documents/estudos/udacity/reactnd-project-myreads-starter/src/BookListBox.js","statementMap":{"0":{"start":{"line":8,"column":8},"end":{"line":24,"column":10}},"1":{"start":{"line":28,"column":0},"end":{"line":31,"column":1}}},"fnMap":{"0":{"name":"(anonymous_0)","decl":{"start":{"line":7,"column":4},"end":{"line":7,"column":5}},"loc":{"start":{"line":7,"column":13},"end":{"line":25,"column":5}},"line":7}},"branchMap":{},"s":{"0":0,"1":1},"f":{"0":0},"b":{},"_coverageSchema":"332fd63041d2c1bcb487cc26dd0d5f7d97098a6c","hash":"817c0b3ab9e1ee15c1f25afc07c45d35be9f2322"}
,"/Users/felipearomani/Documents/estudos/udacity/reactnd-project-myreads-starter/src/BooksAPI.js": {"path":"/Users/felipearomani/Documents/estudos/udacity/reactnd-project-myreads-starter/src/BooksAPI.js","statementMap":{"0":{"start":{"line":2,"column":12},"end":{"line":2,"column":51}},"1":{"start":{"line":6,"column":12},"end":{"line":6,"column":30}},"2":{"start":{"line":7,"column":0},"end":{"line":8,"column":68}},"3":{"start":{"line":8,"column":2},"end":{"line":8,"column":68}},"4":{"start":{"line":10,"column":16},"end":{"line":13,"column":1}},"5":{"start":{"line":15,"column":19},"end":{"line":18,"column":28}},"6":{"start":{"line":16,"column":2},"end":{"line":18,"column":28}},"7":{"start":{"line":17,"column":17},"end":{"line":17,"column":27}},"8":{"start":{"line":18,"column":18},"end":{"line":18,"column":27}},"9":{"start":{"line":20,"column":22},"end":{"line":23,"column":29}},"10":{"start":{"line":21,"column":2},"end":{"line":23,"column":29}},"11":{"start":{"line":22,"column":17},"end":{"line":22,"column":27}},"12":{"start":{"line":23,"column":18},"end":{"line":23,"column":28}},"13":{"start":{"line":25,"column":22},"end":{"line":33,"column":28}},"14":{"start":{"line":26,"column":2},"end":{"line":33,"column":28}},"15":{"start":{"line":33,"column":17},"end":{"line":33,"column":27}},"16":{"start":{"line":35,"column":22},"end":{"line":44,"column":29}},"17":{"start":{"line":36,"column":2},"end":{"line":44,"column":29}},"18":{"start":{"line":43,"column":17},"end":{"line":43,"column":27}},"19":{"start":{"line":44,"column":18},"end":{"line":44,"column":28}}},"fnMap":{"0":{"name":"(anonymous_0)","decl":{"start":{"line":15,"column":19},"end":{"line":15,"column":20}},"loc":{"start":{"line":16,"column":2},"end":{"line":18,"column":28}},"line":16},"1":{"name":"(anonymous_1)","decl":{"start":{"line":17,"column":10},"end":{"line":17,"column":11}},"loc":{"start":{"line":17,"column":17},"end":{"line":17,"column":27}},"line":17},"2":{"name":"(anonymous_2)","decl":{"start":{"line":18,"column":10},"end":{"line":18,"column":11}},"loc":{"start":{"line":18,"column":18},"end":{"line":18,"column":27}},"line":18},"3":{"name":"(anonymous_3)","decl":{"start":{"line":20,"column":22},"end":{"line":20,"column":23}},"loc":{"start":{"line":21,"column":2},"end":{"line":23,"column":29}},"line":21},"4":{"name":"(anonymous_4)","decl":{"start":{"line":22,"column":10},"end":{"line":22,"column":11}},"loc":{"start":{"line":22,"column":17},"end":{"line":22,"column":27}},"line":22},"5":{"name":"(anonymous_5)","decl":{"start":{"line":23,"column":10},"end":{"line":23,"column":11}},"loc":{"start":{"line":23,"column":18},"end":{"line":23,"column":28}},"line":23},"6":{"name":"(anonymous_6)","decl":{"start":{"line":25,"column":22},"end":{"line":25,"column":23}},"loc":{"start":{"line":26,"column":2},"end":{"line":33,"column":28}},"line":26},"7":{"name":"(anonymous_7)","decl":{"start":{"line":33,"column":10},"end":{"line":33,"column":11}},"loc":{"start":{"line":33,"column":17},"end":{"line":33,"column":27}},"line":33},"8":{"name":"(anonymous_8)","decl":{"start":{"line":35,"column":22},"end":{"line":35,"column":23}},"loc":{"start":{"line":36,"column":2},"end":{"line":44,"column":29}},"line":36},"9":{"name":"(anonymous_9)","decl":{"start":{"line":43,"column":10},"end":{"line":43,"column":11}},"loc":{"start":{"line":43,"column":17},"end":{"line":43,"column":27}},"line":43},"10":{"name":"(anonymous_10)","decl":{"start":{"line":44,"column":10},"end":{"line":44,"column":11}},"loc":{"start":{"line":44,"column":18},"end":{"line":44,"column":28}},"line":44}},"branchMap":{"0":{"loc":{"start":{"line":7,"column":0},"end":{"line":8,"column":68}},"type":"if","locations":[{"start":{"line":7,"column":0},"end":{"line":8,"column":68}},{"start":{"line":7,"column":0},"end":{"line":8,"column":68}}],"line":7}},"s":{"0":1,"1":1,"2":1,"3":1,"4":1,"5":1,"6":0,"7":0,"8":0,"9":1,"10":0,"11":0,"12":0,"13":1,"14":0,"15":0,"16":1,"17":0,"18":0,"19":0},"f":{"0":0,"1":0,"2":0,"3":0,"4":0,"5":0,"6":0,"7":0,"8":0,"9":0,"10":0},"b":{"0":[1,0]},"_coverageSchema":"332fd63041d2c1bcb487cc26dd0d5f7d97098a6c","hash":"f5f5f885b5991239db720c865b2a1326fa861a98"}
,"/Users/felipearomani/Documents/estudos/udacity/reactnd-project-myreads-starter/src/If.js": {"path":"/Users/felipearomani/Documents/estudos/udacity/reactnd-project-myreads-starter/src/If.js","statementMap":{"0":{"start":{"line":1,"column":11},"end":{"line":1,"column":58}},"1":{"start":{"line":1,"column":34},"end":{"line":1,"column":57}}},"fnMap":{"0":{"name":"(anonymous_0)","decl":{"start":{"line":1,"column":11},"end":{"line":1,"column":12}},"loc":{"start":{"line":1,"column":34},"end":{"line":1,"column":57}},"line":1}},"branchMap":{"0":{"loc":{"start":{"line":1,"column":34},"end":{"line":1,"column":57}},"type":"cond-expr","locations":[{"start":{"line":1,"column":41},"end":{"line":1,"column":49}},{"start":{"line":1,"column":52},"end":{"line":1,"column":57}}],"line":1}},"s":{"0":2,"1":3},"f":{"0":3},"b":{"0":[1,2]},"_coverageSchema":"332fd63041d2c1bcb487cc26dd0d5f7d97098a6c","hash":"79ef9324039918e896f12edb395d852aed4f5bb8"}
,"/Users/felipearomani/Documents/estudos/udacity/reactnd-project-myreads-starter/src/SearchBox.js": {"path":"/Users/felipearomani/Documents/estudos/udacity/reactnd-project-myreads-starter/src/SearchBox.js","statementMap":{"0":{"start":{"line":10,"column":20},"end":{"line":10,"column":34}},"1":{"start":{"line":11,"column":6},"end":{"line":11,"column":35}},"2":{"start":{"line":15,"column":8},"end":{"line":40,"column":10}},"3":{"start":{"line":33,"column":18},"end":{"line":35,"column":23}},"4":{"start":{"line":44,"column":0},"end":{"line":49,"column":1}}},"fnMap":{"0":{"name":"(anonymous_0)","decl":{"start":{"line":9,"column":17},"end":{"line":9,"column":18}},"loc":{"start":{"line":9,"column":24},"end":{"line":12,"column":5}},"line":9},"1":{"name":"(anonymous_1)","decl":{"start":{"line":14,"column":4},"end":{"line":14,"column":5}},"loc":{"start":{"line":14,"column":13},"end":{"line":41,"column":5}},"line":14},"2":{"name":"(anonymous_2)","decl":{"start":{"line":32,"column":43},"end":{"line":32,"column":44}},"loc":{"start":{"line":33,"column":18},"end":{"line":35,"column":23}},"line":33}},"branchMap":{},"s":{"0":0,"1":0,"2":0,"3":0,"4":1},"f":{"0":0,"1":0,"2":0},"b":{},"_coverageSchema":"332fd63041d2c1bcb487cc26dd0d5f7d97098a6c","hash":"4941b17177b0fdd82bf3db3740c5a54526ecf77c"}
,"/Users/felipearomani/Documents/estudos/udacity/reactnd-project-myreads-starter/src/Shelf.js": {"path":"/Users/felipearomani/Documents/estudos/udacity/reactnd-project-myreads-starter/src/Shelf.js","statementMap":{"0":{"start":{"line":9,"column":8},"end":{"line":13,"column":9}},"1":{"start":{"line":10,"column":12},"end":{"line":12,"column":13}},"2":{"start":{"line":11,"column":16},"end":{"line":11,"column":27}},"3":{"start":{"line":14,"column":8},"end":{"line":14,"column":21}},"4":{"start":{"line":18,"column":20},"end":{"line":18,"column":21}},"5":{"start":{"line":19,"column":8},"end":{"line":23,"column":9}},"6":{"start":{"line":20,"column":12},"end":{"line":22,"column":13}},"7":{"start":{"line":21,"column":16},"end":{"line":21,"column":24}},"8":{"start":{"line":24,"column":8},"end":{"line":24,"column":21}},"9":{"start":{"line":28,"column":8},"end":{"line":48,"column":10}},"10":{"start":{"line":37,"column":28},"end":{"line":43,"column":30}},"11":{"start":{"line":52,"column":0},"end":{"line":57,"column":1}}},"fnMap":{"0":{"name":"(anonymous_0)","decl":{"start":{"line":8,"column":4},"end":{"line":8,"column":5}},"loc":{"start":{"line":8,"column":15},"end":{"line":15,"column":5}},"line":8},"1":{"name":"(anonymous_1)","decl":{"start":{"line":17,"column":4},"end":{"line":17,"column":5}},"loc":{"start":{"line":17,"column":17},"end":{"line":25,"column":5}},"line":17},"2":{"name":"(anonymous_2)","decl":{"start":{"line":27,"column":4},"end":{"line":27,"column":5}},"loc":{"start":{"line":27,"column":13},"end":{"line":49,"column":5}},"line":27},"3":{"name":"(anonymous_3)","decl":{"start":{"line":36,"column":46},"end":{"line":36,"column":47}},"loc":{"start":{"line":36,"column":56},"end":{"line":44,"column":25}},"line":36}},"branchMap":{"0":{"loc":{"start":{"line":10,"column":12},"end":{"line":12,"column":13}},"type":"if","locations":[{"start":{"line":10,"column":12},"end":{"line":12,"column":13}},{"start":{"line":10,"column":12},"end":{"line":12,"column":13}}],"line":10},"1":{"loc":{"start":{"line":20,"column":12},"end":{"line":22,"column":13}},"type":"if","locations":[{"start":{"line":20,"column":12},"end":{"line":22,"column":13}},{"start":{"line":20,"column":12},"end":{"line":22,"column":13}}],"line":20},"2":{"loc":{"start":{"line":38,"column":33},"end":{"line":41,"column":41}},"type":"binary-expr","locations":[{"start":{"line":38,"column":33},"end":{"line":38,"column":66}},{"start":{"line":39,"column":36},"end":{"line":41,"column":41}}],"line":38}},"s":{"0":0,"1":0,"2":0,"3":0,"4":0,"5":0,"6":0,"7":0,"8":0,"9":0,"10":0,"11":1},"f":{"0":0,"1":0,"2":0,"3":0},"b":{"0":[0,0],"1":[0,0],"2":[0,0]},"_coverageSchema":"332fd63041d2c1bcb487cc26dd0d5f7d97098a6c","hash":"74dfaa9082a9e94c361ae1fadd887ce955e73047"}
,"/Users/felipearomani/Documents/estudos/udacity/reactnd-project-myreads-starter/src/index.js": {"path":"/Users/felipearomani/Documents/estudos/udacity/reactnd-project-myreads-starter/src/index.js","statementMap":{"0":{"start":{"line":1,"column":58},"end":{"line":1,"column":151}}},"fnMap":{},"branchMap":{},"s":{"0":0},"f":{},"b":{}}
,"/Users/felipearomani/Documents/estudos/udacity/reactnd-project-myreads-starter/src/setupTests.js": {"path":"/Users/felipearomani/Documents/estudos/udacity/reactnd-project-myreads-starter/src/setupTests.js","statementMap":{"0":{"start":{"line":1,"column":25},"end":{"line":5,"column":1}},"1":{"start":{"line":6,"column":0},"end":{"line":6,"column":38}}},"fnMap":{},"branchMap":{},"s":{"0":3,"1":3},"f":{},"b":{},"_coverageSchema":"332fd63041d2c1bcb487cc26dd0d5f7d97098a6c","hash":"0c02f8845bd863134407880c5ca21464a1b662b7"}
}
