TN:
SF:/home/romani/Documentos/estudos/udacity/reactnd-project-myreads-starter/src/App.js
FN:15,(anonymous_0)
FN:18,(anonymous_1)
FN:21,(anonymous_2)
FN:24,(anonymous_3)
FN:25,(anonymous_4)
FN:33,(anonymous_5)
FN:42,(anonymous_6)
FN:48,(anonymous_7)
FN:62,(anonymous_8)
FN:68,(anonymous_9)
FN:74,(anonymous_10)
FNF:11
FNH:1
FNDA:0,(anonymous_0)
FNDA:0,(anonymous_1)
FNDA:0,(anonymous_2)
FNDA:0,(anonymous_3)
FNDA:0,(anonymous_4)
FNDA:0,(anonymous_5)
FNDA:0,(anonymous_6)
FNDA:0,(anonymous_7)
FNDA:1,(anonymous_8)
FNDA:0,(anonymous_9)
FNDA:0,(anonymous_10)
DA:16,0
DA:18,0
DA:22,0
DA:24,0
DA:26,0
DA:27,0
DA:28,0
DA:34,0
DA:35,0
DA:36,0
DA:37,0
DA:40,0
DA:43,0
DA:44,0
DA:45,0
DA:48,0
DA:49,0
DA:50,0
DA:51,0
DA:54,0
DA:57,0
DA:63,1
DA:69,0
DA:75,0
LF:24
LH:1
BRDA:27,0,0,0
BRDA:27,0,1,0
BRDA:35,1,0,0
BRDA:35,1,1,0
BRDA:43,2,0,0
BRDA:43,2,1,0
BRDA:50,3,0,0
BRDA:50,3,1,0
BRF:8
BRH:0
end_of_record
TN:
SF:/home/romani/Documentos/estudos/udacity/reactnd-project-myreads-starter/src/Book.js
FN:6,(anonymous_0)
FN:11,(anonymous_1)
FNF:2
FNH:2
FNDA:1,(anonymous_0)
FNDA:9,(anonymous_1)
DA:7,1
DA:8,1
DA:12,9
DA:39,2
LF:4
LH:4
BRDA:20,0,0,1
BRDA:20,0,1,8
BRDA:22,1,0,1
BRDA:22,1,1,8
BRDA:22,2,0,9
BRDA:22,2,1,1
BRDA:23,3,0,1
BRDA:23,3,1,8
BRDA:33,4,0,3
BRDA:33,4,1,6
BRF:10
BRH:10
end_of_record
TN:
SF:/home/romani/Documentos/estudos/udacity/reactnd-project-myreads-starter/src/BookListBox.js
FN:7,(anonymous_0)
FNF:1
FNH:0
FNDA:0,(anonymous_0)
DA:8,0
DA:28,1
LF:2
LH:1
BRF:0
BRH:0
end_of_record
TN:
SF:/home/romani/Documentos/estudos/udacity/reactnd-project-myreads-starter/src/BooksAPI.js
FN:15,(anonymous_0)
FN:17,(anonymous_1)
FN:18,(anonymous_2)
FN:20,(anonymous_3)
FN:22,(anonymous_4)
FN:23,(anonymous_5)
FN:25,(anonymous_6)
FN:33,(anonymous_7)
FN:35,(anonymous_8)
FN:43,(anonymous_9)
FN:44,(anonymous_10)
FNF:11
FNH:0
FNDA:0,(anonymous_0)
FNDA:0,(anonymous_1)
FNDA:0,(anonymous_2)
FNDA:0,(anonymous_3)
FNDA:0,(anonymous_4)
FNDA:0,(anonymous_5)
FNDA:0,(anonymous_6)
FNDA:0,(anonymous_7)
FNDA:0,(anonymous_8)
FNDA:0,(anonymous_9)
FNDA:0,(anonymous_10)
DA:2,1
DA:6,1
DA:7,1
DA:8,1
DA:10,1
DA:15,1
DA:16,0
DA:17,0
DA:18,0
DA:20,1
DA:21,0
DA:22,0
DA:23,0
DA:25,1
DA:26,0
DA:33,0
DA:35,1
DA:36,0
DA:43,0
DA:44,0
LF:20
LH:9
BRDA:7,0,0,1
BRDA:7,0,1,0
BRF:2
BRH:1
end_of_record
TN:
SF:/home/romani/Documentos/estudos/udacity/reactnd-project-myreads-starter/src/If.js
FN:1,(anonymous_0)
FNF:1
FNH:1
FNDA:3,(anonymous_0)
DA:1,3
LF:1
LH:1
BRDA:1,0,0,1
BRDA:1,0,1,2
BRF:2
BRH:2
end_of_record
TN:
SF:/home/romani/Documentos/estudos/udacity/reactnd-project-myreads-starter/src/SearchBox.js
FN:9,(anonymous_0)
FN:14,(anonymous_1)
FN:32,(anonymous_2)
FNF:3
FNH:0
FNDA:0,(anonymous_0)
FNDA:0,(anonymous_1)
FNDA:0,(anonymous_2)
DA:10,0
DA:11,0
DA:15,0
DA:33,0
DA:44,1
LF:5
LH:1
BRF:0
BRH:0
end_of_record
TN:
SF:/home/romani/Documentos/estudos/udacity/reactnd-project-myreads-starter/src/Shelf.js
FN:8,(anonymous_0)
FN:17,(anonymous_1)
FN:27,(anonymous_2)
FN:36,(anonymous_3)
FNF:4
FNH:0
FNDA:0,(anonymous_0)
FNDA:0,(anonymous_1)
FNDA:0,(anonymous_2)
FNDA:0,(anonymous_3)
DA:9,0
DA:10,0
DA:11,0
DA:14,0
DA:18,0
DA:19,0
DA:20,0
DA:21,0
DA:24,0
DA:28,0
DA:37,0
DA:52,1
LF:12
LH:1
BRDA:10,0,0,0
BRDA:10,0,1,0
BRDA:20,1,0,0
BRDA:20,1,1,0
BRDA:38,2,0,0
BRDA:38,2,1,0
BRF:6
BRH:0
end_of_record
TN:
SF:/home/romani/Documentos/estudos/udacity/reactnd-project-myreads-starter/src/index.js
FNF:0
FNH:0
DA:1,0
LF:1
LH:0
BRF:0
BRH:0
end_of_record
TN:
SF:/home/romani/Documentos/estudos/udacity/reactnd-project-myreads-starter/src/setupTests.js
FNF:0
FNH:0
DA:1,3
DA:6,3
LF:2
LH:2
BRF:0
BRH:0
end_of_record
